E:\open-src\alljoyn_upnp\Debug\aj_server.lib
E:\open-src\alljoyn_upnp\Debug\aj_server.exp
E:\OPEN-SRC\ALLJOYN_UPNP\AJ_SERVER\DEBUG\COMMON.OBJ
E:\OPEN-SRC\ALLJOYN_UPNP\AJ_SERVER\DEBUG\MAIN.OBJ
E:\OPEN-SRC\ALLJOYN_UPNP\AJ_SERVER\DEBUG\MONGODB.OBJ
E:\OPEN-SRC\ALLJOYN_UPNP\AJ_SERVER\DEBUG\MYBUSLISTENER.OBJ
E:\OPEN-SRC\ALLJOYN_UPNP\AJ_SERVER\DEBUG\MYBUSOBJECT.OBJ
E:\OPEN-SRC\ALLJOYN_UPNP\AJ_SERVER\DEBUG\SERVICEBUSATTACHMENT.OBJ
E:\OPEN-SRC\ALLJOYN_UPNP\AJ_SERVER\DEBUG\VC110.PDB
E:\OPEN-SRC\ALLJOYN_UPNP\DEBUG\AJ_SERVER.ILK
E:\OPEN-SRC\ALLJOYN_UPNP\DEBUG\AJ_SERVER.EXE
E:\OPEN-SRC\ALLJOYN_UPNP\DEBUG\AJ_SERVER.PDB
E:\open-src\alljoyn_upnp\aj_server\Debug\common.obj
E:\open-src\alljoyn_upnp\aj_server\Debug\main.obj
E:\open-src\alljoyn_upnp\aj_server\Debug\mongodb.obj
E:\open-src\alljoyn_upnp\aj_server\Debug\mybuslistener.obj
E:\open-src\alljoyn_upnp\aj_server\Debug\mybusobject.obj
E:\open-src\alljoyn_upnp\aj_server\Debug\servicebusattachment.obj
E:\open-src\alljoyn_upnp\aj_server\Debug\aj_server.write.1.tlog
E:\open-src\alljoyn_upnp\aj_server\Debug\cl.command.1.tlog
E:\open-src\alljoyn_upnp\aj_server\Debug\CL.read.1.tlog
E:\open-src\alljoyn_upnp\aj_server\Debug\CL.write.1.tlog
E:\open-src\alljoyn_upnp\aj_server\Debug\link-cvtres.read.1.tlog
E:\open-src\alljoyn_upnp\aj_server\Debug\link-cvtres.write.1.tlog
E:\open-src\alljoyn_upnp\aj_server\Debug\link-rc.read.1.tlog
E:\open-src\alljoyn_upnp\aj_server\Debug\link-rc.write.1.tlog
E:\open-src\alljoyn_upnp\aj_server\Debug\link.command.1.tlog
E:\open-src\alljoyn_upnp\aj_server\Debug\link.read.1.tlog
E:\open-src\alljoyn_upnp\aj_server\Debug\link.write.1.tlog
E:\open-src\alljoyn_upnp\aj_server\Debug\vc110.idb
E:\open-src\alljoyn_upnp\aj_server\Debug\vc110.pdb
E:\open-src\alljoyn_upnp\Debug\aj_server.pdb
E:\open-src\alljoyn_upnp\Debug\aj_server.exe
E:\open-src\alljoyn_upnp\Debug\aj_server.ilk
