E:\open-src\alljoyn_upnp\Debug\aj_client.lib
E:\open-src\alljoyn_upnp\Debug\aj_client.exp
E:\OPEN-SRC\ALLJOYN_UPNP\AJ_CLIENT\DEBUG\CLIENTBUSATTACHMENT.OBJ
E:\OPEN-SRC\ALLJOYN_UPNP\AJ_CLIENT\DEBUG\COMMON.OBJ
E:\OPEN-SRC\ALLJOYN_UPNP\AJ_CLIENT\DEBUG\MAIN.OBJ
E:\OPEN-SRC\ALLJOYN_UPNP\AJ_CLIENT\DEBUG\MYBUSLISTENER.OBJ
E:\OPEN-SRC\ALLJOYN_UPNP\AJ_CLIENT\DEBUG\MYBUSOBJECT.OBJ
E:\OPEN-SRC\ALLJOYN_UPNP\AJ_CLIENT\DEBUG\VC110.PDB
E:\OPEN-SRC\ALLJOYN_UPNP\DEBUG\AJ_CLIENT.ILK
E:\OPEN-SRC\ALLJOYN_UPNP\DEBUG\AJ_CLIENT.EXE
E:\OPEN-SRC\ALLJOYN_UPNP\DEBUG\AJ_CLIENT.PDB
E:\open-src\alljoyn_upnp\aj_client\Debug\clientbusattachment.obj
E:\open-src\alljoyn_upnp\aj_client\Debug\common.obj
E:\open-src\alljoyn_upnp\aj_client\Debug\main.obj
E:\open-src\alljoyn_upnp\aj_client\Debug\mybuslistener.obj
E:\open-src\alljoyn_upnp\aj_client\Debug\mybusobject.obj
E:\open-src\alljoyn_upnp\aj_client\Debug\aj_client.write.1.tlog
E:\open-src\alljoyn_upnp\aj_client\Debug\cl.command.1.tlog
E:\open-src\alljoyn_upnp\aj_client\Debug\CL.read.1.tlog
E:\open-src\alljoyn_upnp\aj_client\Debug\CL.write.1.tlog
E:\open-src\alljoyn_upnp\aj_client\Debug\link-cvtres.read.1.tlog
E:\open-src\alljoyn_upnp\aj_client\Debug\link-cvtres.write.1.tlog
E:\open-src\alljoyn_upnp\aj_client\Debug\link-rc.read.1.tlog
E:\open-src\alljoyn_upnp\aj_client\Debug\link-rc.write.1.tlog
E:\open-src\alljoyn_upnp\aj_client\Debug\link.command.1.tlog
E:\open-src\alljoyn_upnp\aj_client\Debug\link.read.1.tlog
E:\open-src\alljoyn_upnp\aj_client\Debug\link.write.1.tlog
E:\open-src\alljoyn_upnp\aj_client\Debug\vc110.idb
E:\open-src\alljoyn_upnp\aj_client\Debug\vc110.pdb
E:\open-src\alljoyn_upnp\Debug\aj_client.pdb
E:\open-src\alljoyn_upnp\Debug\aj_client.exe
E:\open-src\alljoyn_upnp\Debug\aj_client.ilk
